[0.212s] DEBUG:colcon:Command line arguments: ['/usr/bin/colcon', 'build', '--symlink-install', '--cmake-args', '-DCMAKE_BUILD_TYPE=Release', '-Wno-dev']
[0.212s] DEBUG:colcon:Parsed command line arguments: Namespace(log_base=None, log_level=None, verb_name='build', build_base='build', install_base='install', merge_install=False, symlink_install=True, test_result_base=None, continue_on_error=False, executor='parallel', parallel_workers=16, event_handlers=None, ignore_user_meta=False, metas=['./colcon.meta'], base_paths=['.'], packages_ignore=None, packages_ignore_regex=None, paths=None, packages_up_to=None, packages_up_to_regex=None, packages_above=None, packages_above_and_dependencies=None, packages_above_depth=None, packages_select_by_dep=None, packages_skip_by_dep=None, packages_skip_up_to=None, packages_select_build_failed=False, packages_skip_build_finished=False, packages_select_test_failures=False, packages_skip_test_passed=False, packages_select=None, packages_skip=None, packages_select_regex=None, packages_skip_regex=None, packages_start=None, packages_end=None, allow_overriding=[], cmake_args=['-DCMAKE_BUILD_TYPE=Release', '-Wno-dev'], cmake_target=None, cmake_target_skip_unavailable=False, cmake_clean_cache=False, cmake_clean_first=False, cmake_force_configure=False, ament_cmake_args=None, catkin_cmake_args=None, catkin_skip_building_tests=False, mixin_files=None, mixin=None, verb_parser=<colcon_mixin.mixin.mixin_argument.MixinArgumentDecorator object at 0x7126e8692ab0>, verb_extension=<colcon_core.verb.build.BuildVerb object at 0x7126e87b6ed0>, main=<bound method BuildVerb.main of <colcon_core.verb.build.BuildVerb object at 0x7126e87b6ed0>>, mixin_verb=('build',))
[0.271s] Level 1:colcon.colcon_core.package_discovery:discover_packages(colcon_meta) check parameters
[0.271s] Level 1:colcon.colcon_core.package_discovery:discover_packages(recursive) check parameters
[0.271s] Level 1:colcon.colcon_core.package_discovery:discover_packages(ignore) check parameters
[0.271s] Level 1:colcon.colcon_core.package_discovery:discover_packages(path) check parameters
[0.271s] Level 1:colcon.colcon_core.package_discovery:discover_packages(colcon_meta) discover
[0.271s] Level 1:colcon.colcon_core.package_discovery:discover_packages(recursive) discover
[0.271s] INFO:colcon.colcon_core.package_discovery:Crawling recursively for packages in '/home/basanta-joshi/fast_lio2_ws/src/ws_livox'
[0.271s] Level 1:colcon.colcon_core.package_identification:_identify(.) by extensions ['ignore', 'ignore_ament_install']
[0.272s] Level 1:colcon.colcon_core.package_identification:_identify(.) by extension 'ignore'
[0.272s] Level 1:colcon.colcon_core.package_identification:_identify(.) by extension 'ignore_ament_install'
[0.272s] Level 1:colcon.colcon_core.package_identification:_identify(.) by extensions ['colcon_pkg']
[0.272s] Level 1:colcon.colcon_core.package_identification:_identify(.) by extension 'colcon_pkg'
[0.272s] Level 1:colcon.colcon_core.package_identification:_identify(.) by extensions ['colcon_meta']
[0.272s] Level 1:colcon.colcon_core.package_identification:_identify(.) by extension 'colcon_meta'
[0.272s] Level 1:colcon.colcon_core.package_identification:_identify(.) by extensions ['ros']
[0.272s] Level 1:colcon.colcon_core.package_identification:_identify(.) by extension 'ros'
[0.310s] Level 1:colcon.colcon_core.package_identification:_identify(.) by extensions ['cmake', 'python']
[0.310s] Level 1:colcon.colcon_core.package_identification:_identify(.) by extension 'cmake'
[0.310s] Level 1:colcon.colcon_core.package_identification:_identify(.) by extension 'python'
[0.311s] Level 1:colcon.colcon_core.package_identification:_identify(.) by extensions ['python_setup_py']
[0.311s] Level 1:colcon.colcon_core.package_identification:_identify(.) by extension 'python_setup_py'
[0.311s] Level 1:colcon.colcon_core.package_identification:_identify(build) by extensions ['ignore', 'ignore_ament_install']
[0.311s] Level 1:colcon.colcon_core.package_identification:_identify(build) by extension 'ignore'
[0.311s] Level 1:colcon.colcon_core.package_identification:_identify(build) ignored
[0.311s] Level 1:colcon.colcon_core.package_identification:_identify(install) by extensions ['ignore', 'ignore_ament_install']
[0.311s] Level 1:colcon.colcon_core.package_identification:_identify(install) by extension 'ignore'
[0.311s] Level 1:colcon.colcon_core.package_identification:_identify(install) ignored
[0.311s] Level 1:colcon.colcon_core.package_identification:_identify(log) by extensions ['ignore', 'ignore_ament_install']
[0.312s] Level 1:colcon.colcon_core.package_identification:_identify(log) by extension 'ignore'
[0.312s] Level 1:colcon.colcon_core.package_identification:_identify(log) ignored
[0.312s] Level 1:colcon.colcon_core.package_identification:_identify(src) by extensions ['ignore', 'ignore_ament_install']
[0.312s] Level 1:colcon.colcon_core.package_identification:_identify(src) by extension 'ignore'
[0.312s] Level 1:colcon.colcon_core.package_identification:_identify(src) by extension 'ignore_ament_install'
[0.312s] Level 1:colcon.colcon_core.package_identification:_identify(src) by extensions ['colcon_pkg']
[0.312s] Level 1:colcon.colcon_core.package_identification:_identify(src) by extension 'colcon_pkg'
[0.312s] Level 1:colcon.colcon_core.package_identification:_identify(src) by extensions ['colcon_meta']
[0.312s] Level 1:colcon.colcon_core.package_identification:_identify(src) by extension 'colcon_meta'
[0.312s] Level 1:colcon.colcon_core.package_identification:_identify(src) by extensions ['ros']
[0.312s] Level 1:colcon.colcon_core.package_identification:_identify(src) by extension 'ros'
[0.312s] Level 1:colcon.colcon_core.package_identification:_identify(src) by extensions ['cmake', 'python']
[0.312s] Level 1:colcon.colcon_core.package_identification:_identify(src) by extension 'cmake'
[0.312s] Level 1:colcon.colcon_core.package_identification:_identify(src) by extension 'python'
[0.312s] Level 1:colcon.colcon_core.package_identification:_identify(src) by extensions ['python_setup_py']
[0.312s] Level 1:colcon.colcon_core.package_identification:_identify(src) by extension 'python_setup_py'
[0.313s] Level 1:colcon.colcon_core.package_identification:_identify(src/livox_ros_driver2) by extensions ['ignore', 'ignore_ament_install']
[0.313s] Level 1:colcon.colcon_core.package_identification:_identify(src/livox_ros_driver2) by extension 'ignore'
[0.313s] Level 1:colcon.colcon_core.package_identification:_identify(src/livox_ros_driver2) by extension 'ignore_ament_install'
[0.313s] Level 1:colcon.colcon_core.package_identification:_identify(src/livox_ros_driver2) by extensions ['colcon_pkg']
[0.313s] Level 1:colcon.colcon_core.package_identification:_identify(src/livox_ros_driver2) by extension 'colcon_pkg'
[0.313s] Level 1:colcon.colcon_core.package_identification:_identify(src/livox_ros_driver2) by extensions ['colcon_meta']
[0.313s] Level 1:colcon.colcon_core.package_identification:_identify(src/livox_ros_driver2) by extension 'colcon_meta'
[0.313s] Level 1:colcon.colcon_core.package_identification:_identify(src/livox_ros_driver2) by extensions ['ros']
[0.313s] Level 1:colcon.colcon_core.package_identification:_identify(src/livox_ros_driver2) by extension 'ros'
[0.318s] DEBUG:colcon.colcon_core.package_identification:Package 'src/livox_ros_driver2' with type 'ros.ament_cmake' and name 'livox_ros_driver2'
[0.318s] Level 1:colcon.colcon_core.package_discovery:discover_packages(recursive) using defaults
[0.318s] Level 1:colcon.colcon_core.package_discovery:discover_packages(ignore) discover
[0.318s] Level 1:colcon.colcon_core.package_discovery:discover_packages(ignore) using defaults
[0.318s] Level 1:colcon.colcon_core.package_discovery:discover_packages(path) discover
[0.318s] Level 1:colcon.colcon_core.package_discovery:discover_packages(path) using defaults
[0.373s] Level 1:colcon.colcon_core.package_discovery:discover_packages(prefix_path) check parameters
[0.373s] Level 1:colcon.colcon_core.package_discovery:discover_packages(prefix_path) discover
[0.378s] WARNING:colcon.colcon_ros.prefix_path.ament:The path '/home/basanta-joshi/fast_lio2_ws/src/ws_livox/install/livox_ros_driver2' in the environment variable AMENT_PREFIX_PATH doesn't exist
[0.378s] WARNING:colcon.colcon_ros.prefix_path.catkin:The path '/home/basanta-joshi/fast_lio2_ws/src/ws_livox/install/livox_ros_driver2' in the environment variable CMAKE_PREFIX_PATH doesn't exist
[0.381s] DEBUG:colcon.colcon_installed_package_information.package_discovery:Found 0 installed packages in /home/basanta-joshi/fast_lio2_ws/src/ws_livox/install
[0.388s] DEBUG:colcon.colcon_installed_package_information.package_discovery:Found 504 installed packages in /opt/ros/jazzy
[0.394s] Level 1:colcon.colcon_core.package_discovery:discover_packages(prefix_path) using defaults
[0.546s] Level 5:colcon.colcon_core.verb:set package 'livox_ros_driver2' build argument 'cmake_args' from command line to '['-DCMAKE_BUILD_TYPE=Release', '-Wno-dev']'
[0.546s] Level 5:colcon.colcon_core.verb:set package 'livox_ros_driver2' build argument 'cmake_target' from command line to 'None'
[0.546s] Level 5:colcon.colcon_core.verb:set package 'livox_ros_driver2' build argument 'cmake_target_skip_unavailable' from command line to 'False'
[0.546s] Level 5:colcon.colcon_core.verb:set package 'livox_ros_driver2' build argument 'cmake_clean_cache' from command line to 'False'
[0.546s] Level 5:colcon.colcon_core.verb:set package 'livox_ros_driver2' build argument 'cmake_clean_first' from command line to 'False'
[0.547s] Level 5:colcon.colcon_core.verb:set package 'livox_ros_driver2' build argument 'cmake_force_configure' from command line to 'False'
[0.547s] Level 5:colcon.colcon_core.verb:set package 'livox_ros_driver2' build argument 'ament_cmake_args' from command line to 'None'
[0.547s] Level 5:colcon.colcon_core.verb:set package 'livox_ros_driver2' build argument 'catkin_cmake_args' from command line to 'None'
[0.547s] Level 5:colcon.colcon_core.verb:set package 'livox_ros_driver2' build argument 'catkin_skip_building_tests' from command line to 'False'
[0.547s] DEBUG:colcon.colcon_core.verb:Building package 'livox_ros_driver2' with the following arguments: {'ament_cmake_args': None, 'build_base': '/home/basanta-joshi/fast_lio2_ws/src/ws_livox/build/livox_ros_driver2', 'catkin_cmake_args': None, 'catkin_skip_building_tests': False, 'cmake_args': ['-DCMAKE_BUILD_TYPE=Release', '-Wno-dev'], 'cmake_clean_cache': False, 'cmake_clean_first': False, 'cmake_force_configure': False, 'cmake_target': None, 'cmake_target_skip_unavailable': False, 'install_base': '/home/basanta-joshi/fast_lio2_ws/src/ws_livox/install/livox_ros_driver2', 'merge_install': False, 'path': '/home/basanta-joshi/fast_lio2_ws/src/ws_livox/src/livox_ros_driver2', 'symlink_install': True, 'test_result_base': None}
[0.547s] INFO:colcon.colcon_core.executor:Executing jobs using 'parallel' executor
[0.549s] DEBUG:colcon.colcon_parallel_executor.executor.parallel:run_until_complete
[0.550s] INFO:colcon.colcon_ros.task.ament_cmake.build:Building ROS package in '/home/basanta-joshi/fast_lio2_ws/src/ws_livox/src/livox_ros_driver2' with build type 'ament_cmake'
[0.551s] INFO:colcon.colcon_cmake.task.cmake.build:Building CMake package in '/home/basanta-joshi/fast_lio2_ws/src/ws_livox/src/livox_ros_driver2'
[0.560s] INFO:colcon.colcon_core.plugin_system:Skipping extension 'colcon_core.shell.bat': Not used on non-Windows systems
[0.561s] INFO:colcon.colcon_core.shell:Skip shell extension 'powershell' for command environment: Not usable outside of PowerShell
[0.561s] DEBUG:colcon.colcon_core.shell:Skip shell extension 'dsv' for command environment
[0.587s] DEBUG:colcon.colcon_core.event_handler.log_command:Invoking command in '/home/basanta-joshi/fast_lio2_ws/src/ws_livox/build/livox_ros_driver2': CMAKE_PREFIX_PATH=${CMAKE_PREFIX_PATH}:/opt/ros/jazzy DEBUGINFOD_URLS=https://debuginfod.ubuntu.com /usr/bin/cmake /home/basanta-joshi/fast_lio2_ws/src/ws_livox/src/livox_ros_driver2 -DCMAKE_BUILD_TYPE=Release -Wno-dev -DAMENT_CMAKE_SYMLINK_INSTALL=1 -DCMAKE_INSTALL_PREFIX=/home/basanta-joshi/fast_lio2_ws/src/ws_livox/install/livox_ros_driver2
[19.271s] DEBUG:colcon.colcon_core.event_handler.log_command:Invoked command in '/home/basanta-joshi/fast_lio2_ws/src/ws_livox/build/livox_ros_driver2' returned '0': CMAKE_PREFIX_PATH=${CMAKE_PREFIX_PATH}:/opt/ros/jazzy DEBUGINFOD_URLS=https://debuginfod.ubuntu.com /usr/bin/cmake /home/basanta-joshi/fast_lio2_ws/src/ws_livox/src/livox_ros_driver2 -DCMAKE_BUILD_TYPE=Release -Wno-dev -DAMENT_CMAKE_SYMLINK_INSTALL=1 -DCMAKE_INSTALL_PREFIX=/home/basanta-joshi/fast_lio2_ws/src/ws_livox/install/livox_ros_driver2
[19.276s] DEBUG:colcon.colcon_core.event_handler.log_command:Invoking command in '/home/basanta-joshi/fast_lio2_ws/src/ws_livox/build/livox_ros_driver2': CMAKE_PREFIX_PATH=${CMAKE_PREFIX_PATH}:/opt/ros/jazzy DEBUGINFOD_URLS=https://debuginfod.ubuntu.com /usr/bin/cmake --build /home/basanta-joshi/fast_lio2_ws/src/ws_livox/build/livox_ros_driver2 -- -j16 -l16
[50.970s] DEBUG:colcon.colcon_core.event_handler.log_command:Invoked command in '/home/basanta-joshi/fast_lio2_ws/src/ws_livox/build/livox_ros_driver2' returned '0': CMAKE_PREFIX_PATH=${CMAKE_PREFIX_PATH}:/opt/ros/jazzy DEBUGINFOD_URLS=https://debuginfod.ubuntu.com /usr/bin/cmake --build /home/basanta-joshi/fast_lio2_ws/src/ws_livox/build/livox_ros_driver2 -- -j16 -l16
[50.990s] DEBUG:colcon.colcon_core.event_handler.log_command:Invoking command in '/home/basanta-joshi/fast_lio2_ws/src/ws_livox/build/livox_ros_driver2': CMAKE_PREFIX_PATH=${CMAKE_PREFIX_PATH}:/opt/ros/jazzy DEBUGINFOD_URLS=https://debuginfod.ubuntu.com /usr/bin/cmake --install /home/basanta-joshi/fast_lio2_ws/src/ws_livox/build/livox_ros_driver2
[53.002s] Level 1:colcon.colcon_core.environment:create_environment_scripts_only(livox_ros_driver2)
[53.003s] DEBUG:colcon.colcon_core.event_handler.log_command:Invoked command in '/home/basanta-joshi/fast_lio2_ws/src/ws_livox/build/livox_ros_driver2' returned '0': CMAKE_PREFIX_PATH=${CMAKE_PREFIX_PATH}:/opt/ros/jazzy DEBUGINFOD_URLS=https://debuginfod.ubuntu.com /usr/bin/cmake --install /home/basanta-joshi/fast_lio2_ws/src/ws_livox/build/livox_ros_driver2
[53.016s] Level 1:colcon.colcon_core.environment:checking '/home/basanta-joshi/fast_lio2_ws/src/ws_livox/install/livox_ros_driver2' for CMake module files
[53.018s] Level 1:colcon.colcon_core.environment:checking '/home/basanta-joshi/fast_lio2_ws/src/ws_livox/install/livox_ros_driver2' for CMake config files
[53.021s] Level 1:colcon.colcon_core.shell:create_environment_hook('livox_ros_driver2', 'cmake_prefix_path')
[53.021s] INFO:colcon.colcon_core.shell:Creating environment hook '/home/basanta-joshi/fast_lio2_ws/src/ws_livox/install/livox_ros_driver2/share/livox_ros_driver2/hook/cmake_prefix_path.ps1'
[53.024s] INFO:colcon.colcon_core.shell:Creating environment descriptor '/home/basanta-joshi/fast_lio2_ws/src/ws_livox/install/livox_ros_driver2/share/livox_ros_driver2/hook/cmake_prefix_path.dsv'
[53.026s] INFO:colcon.colcon_core.shell:Creating environment hook '/home/basanta-joshi/fast_lio2_ws/src/ws_livox/install/livox_ros_driver2/share/livox_ros_driver2/hook/cmake_prefix_path.sh'
[53.028s] Level 1:colcon.colcon_core.environment:checking '/home/basanta-joshi/fast_lio2_ws/src/ws_livox/install/livox_ros_driver2/lib'
[53.028s] Level 1:colcon.colcon_core.shell:create_environment_hook('livox_ros_driver2', 'ld_library_path_lib')
[53.029s] INFO:colcon.colcon_core.shell:Creating environment hook '/home/basanta-joshi/fast_lio2_ws/src/ws_livox/install/livox_ros_driver2/share/livox_ros_driver2/hook/ld_library_path_lib.ps1'
[53.030s] INFO:colcon.colcon_core.shell:Creating environment descriptor '/home/basanta-joshi/fast_lio2_ws/src/ws_livox/install/livox_ros_driver2/share/livox_ros_driver2/hook/ld_library_path_lib.dsv'
[53.031s] INFO:colcon.colcon_core.shell:Creating environment hook '/home/basanta-joshi/fast_lio2_ws/src/ws_livox/install/livox_ros_driver2/share/livox_ros_driver2/hook/ld_library_path_lib.sh'
[53.032s] Level 1:colcon.colcon_core.environment:checking '/home/basanta-joshi/fast_lio2_ws/src/ws_livox/install/livox_ros_driver2/bin'
[53.032s] Level 1:colcon.colcon_core.environment:checking '/home/basanta-joshi/fast_lio2_ws/src/ws_livox/install/livox_ros_driver2/lib/pkgconfig/livox_ros_driver2.pc'
[53.033s] Level 1:colcon.colcon_core.environment:checking '/home/basanta-joshi/fast_lio2_ws/src/ws_livox/install/livox_ros_driver2/lib/python3.12/site-packages'
[53.033s] Level 1:colcon.colcon_core.shell:create_environment_hook('livox_ros_driver2', 'pythonpath')
[53.033s] INFO:colcon.colcon_core.shell:Creating environment hook '/home/basanta-joshi/fast_lio2_ws/src/ws_livox/install/livox_ros_driver2/share/livox_ros_driver2/hook/pythonpath.ps1'
[53.034s] INFO:colcon.colcon_core.shell:Creating environment descriptor '/home/basanta-joshi/fast_lio2_ws/src/ws_livox/install/livox_ros_driver2/share/livox_ros_driver2/hook/pythonpath.dsv'
[53.035s] INFO:colcon.colcon_core.shell:Creating environment hook '/home/basanta-joshi/fast_lio2_ws/src/ws_livox/install/livox_ros_driver2/share/livox_ros_driver2/hook/pythonpath.sh'
[53.036s] Level 1:colcon.colcon_core.environment:checking '/home/basanta-joshi/fast_lio2_ws/src/ws_livox/install/livox_ros_driver2/bin'
[53.037s] INFO:colcon.colcon_core.shell:Creating package script '/home/basanta-joshi/fast_lio2_ws/src/ws_livox/install/livox_ros_driver2/share/livox_ros_driver2/package.ps1'
[53.039s] INFO:colcon.colcon_core.shell:Creating package descriptor '/home/basanta-joshi/fast_lio2_ws/src/ws_livox/install/livox_ros_driver2/share/livox_ros_driver2/package.dsv'
[53.041s] INFO:colcon.colcon_core.shell:Creating package script '/home/basanta-joshi/fast_lio2_ws/src/ws_livox/install/livox_ros_driver2/share/livox_ros_driver2/package.sh'
[53.043s] INFO:colcon.colcon_core.shell:Creating package script '/home/basanta-joshi/fast_lio2_ws/src/ws_livox/install/livox_ros_driver2/share/livox_ros_driver2/package.bash'
[53.045s] INFO:colcon.colcon_core.shell:Creating package script '/home/basanta-joshi/fast_lio2_ws/src/ws_livox/install/livox_ros_driver2/share/livox_ros_driver2/package.zsh'
[53.046s] Level 1:colcon.colcon_core.environment:create_file_with_runtime_dependencies(/home/basanta-joshi/fast_lio2_ws/src/ws_livox/install/livox_ros_driver2/share/colcon-core/packages/livox_ros_driver2)
[53.048s] Level 1:colcon.colcon_core.environment:create_environment_scripts_only(livox_ros_driver2)
[53.048s] Level 1:colcon.colcon_core.environment:checking '/home/basanta-joshi/fast_lio2_ws/src/ws_livox/install/livox_ros_driver2' for CMake module files
[53.050s] Level 1:colcon.colcon_core.environment:checking '/home/basanta-joshi/fast_lio2_ws/src/ws_livox/install/livox_ros_driver2' for CMake config files
[53.052s] Level 1:colcon.colcon_core.shell:create_environment_hook('livox_ros_driver2', 'cmake_prefix_path')
[53.052s] INFO:colcon.colcon_core.shell:Creating environment hook '/home/basanta-joshi/fast_lio2_ws/src/ws_livox/install/livox_ros_driver2/share/livox_ros_driver2/hook/cmake_prefix_path.ps1'
[53.053s] INFO:colcon.colcon_core.shell:Creating environment descriptor '/home/basanta-joshi/fast_lio2_ws/src/ws_livox/install/livox_ros_driver2/share/livox_ros_driver2/hook/cmake_prefix_path.dsv'
[53.054s] INFO:colcon.colcon_core.shell:Creating environment hook '/home/basanta-joshi/fast_lio2_ws/src/ws_livox/install/livox_ros_driver2/share/livox_ros_driver2/hook/cmake_prefix_path.sh'
[53.056s] Level 1:colcon.colcon_core.environment:checking '/home/basanta-joshi/fast_lio2_ws/src/ws_livox/install/livox_ros_driver2/lib'
[53.056s] Level 1:colcon.colcon_core.shell:create_environment_hook('livox_ros_driver2', 'ld_library_path_lib')
[53.056s] INFO:colcon.colcon_core.shell:Creating environment hook '/home/basanta-joshi/fast_lio2_ws/src/ws_livox/install/livox_ros_driver2/share/livox_ros_driver2/hook/ld_library_path_lib.ps1'
[53.057s] INFO:colcon.colcon_core.shell:Creating environment descriptor '/home/basanta-joshi/fast_lio2_ws/src/ws_livox/install/livox_ros_driver2/share/livox_ros_driver2/hook/ld_library_path_lib.dsv'
[53.058s] INFO:colcon.colcon_core.shell:Creating environment hook '/home/basanta-joshi/fast_lio2_ws/src/ws_livox/install/livox_ros_driver2/share/livox_ros_driver2/hook/ld_library_path_lib.sh'
[53.059s] Level 1:colcon.colcon_core.environment:checking '/home/basanta-joshi/fast_lio2_ws/src/ws_livox/install/livox_ros_driver2/bin'
[53.059s] Level 1:colcon.colcon_core.environment:checking '/home/basanta-joshi/fast_lio2_ws/src/ws_livox/install/livox_ros_driver2/lib/pkgconfig/livox_ros_driver2.pc'
[53.060s] Level 1:colcon.colcon_core.environment:checking '/home/basanta-joshi/fast_lio2_ws/src/ws_livox/install/livox_ros_driver2/lib/python3.12/site-packages'
[53.061s] Level 1:colcon.colcon_core.shell:create_environment_hook('livox_ros_driver2', 'pythonpath')
[53.061s] INFO:colcon.colcon_core.shell:Creating environment hook '/home/basanta-joshi/fast_lio2_ws/src/ws_livox/install/livox_ros_driver2/share/livox_ros_driver2/hook/pythonpath.ps1'
[53.062s] INFO:colcon.colcon_core.shell:Creating environment descriptor '/home/basanta-joshi/fast_lio2_ws/src/ws_livox/install/livox_ros_driver2/share/livox_ros_driver2/hook/pythonpath.dsv'
[53.063s] INFO:colcon.colcon_core.shell:Creating environment hook '/home/basanta-joshi/fast_lio2_ws/src/ws_livox/install/livox_ros_driver2/share/livox_ros_driver2/hook/pythonpath.sh'
[53.064s] Level 1:colcon.colcon_core.environment:checking '/home/basanta-joshi/fast_lio2_ws/src/ws_livox/install/livox_ros_driver2/bin'
[53.065s] INFO:colcon.colcon_core.shell:Creating package script '/home/basanta-joshi/fast_lio2_ws/src/ws_livox/install/livox_ros_driver2/share/livox_ros_driver2/package.ps1'
[53.066s] INFO:colcon.colcon_core.shell:Creating package descriptor '/home/basanta-joshi/fast_lio2_ws/src/ws_livox/install/livox_ros_driver2/share/livox_ros_driver2/package.dsv'
[53.068s] INFO:colcon.colcon_core.shell:Creating package script '/home/basanta-joshi/fast_lio2_ws/src/ws_livox/install/livox_ros_driver2/share/livox_ros_driver2/package.sh'
[53.069s] INFO:colcon.colcon_core.shell:Creating package script '/home/basanta-joshi/fast_lio2_ws/src/ws_livox/install/livox_ros_driver2/share/livox_ros_driver2/package.bash'
[53.070s] INFO:colcon.colcon_core.shell:Creating package script '/home/basanta-joshi/fast_lio2_ws/src/ws_livox/install/livox_ros_driver2/share/livox_ros_driver2/package.zsh'
[53.070s] Level 1:colcon.colcon_core.environment:create_file_with_runtime_dependencies(/home/basanta-joshi/fast_lio2_ws/src/ws_livox/install/livox_ros_driver2/share/colcon-core/packages/livox_ros_driver2)
[53.071s] DEBUG:colcon.colcon_parallel_executor.executor.parallel:closing loop
[53.072s] DEBUG:colcon.colcon_parallel_executor.executor.parallel:loop closed
[53.072s] DEBUG:colcon.colcon_parallel_executor.executor.parallel:run_until_complete finished with '0'
[53.072s] DEBUG:colcon.colcon_core.event_reactor:joining thread
[53.093s] INFO:colcon.colcon_core.plugin_system:Skipping extension 'colcon_notification.desktop_notification.terminal_notifier': Not used on non-Darwin systems
[53.094s] INFO:colcon.colcon_core.plugin_system:Skipping extension 'colcon_notification.desktop_notification.win32': Not used on non-Windows systems
[53.094s] INFO:colcon.colcon_notification.desktop_notification:Sending desktop notification using 'notify2'
[53.133s] DEBUG:colcon.colcon_core.event_reactor:joined thread
[53.133s] INFO:colcon.colcon_core.shell:Creating prefix script '/home/basanta-joshi/fast_lio2_ws/src/ws_livox/install/local_setup.ps1'
[53.137s] INFO:colcon.colcon_core.shell:Creating prefix util module '/home/basanta-joshi/fast_lio2_ws/src/ws_livox/install/_local_setup_util_ps1.py'
[53.140s] INFO:colcon.colcon_core.shell:Creating prefix chain script '/home/basanta-joshi/fast_lio2_ws/src/ws_livox/install/setup.ps1'
[53.143s] INFO:colcon.colcon_core.shell:Creating prefix script '/home/basanta-joshi/fast_lio2_ws/src/ws_livox/install/local_setup.sh'
[53.145s] INFO:colcon.colcon_core.shell:Creating prefix util module '/home/basanta-joshi/fast_lio2_ws/src/ws_livox/install/_local_setup_util_sh.py'
[53.146s] INFO:colcon.colcon_core.shell:Creating prefix chain script '/home/basanta-joshi/fast_lio2_ws/src/ws_livox/install/setup.sh'
[53.149s] INFO:colcon.colcon_core.shell:Creating prefix script '/home/basanta-joshi/fast_lio2_ws/src/ws_livox/install/local_setup.bash'
[53.152s] INFO:colcon.colcon_core.shell:Creating prefix chain script '/home/basanta-joshi/fast_lio2_ws/src/ws_livox/install/setup.bash'
[53.155s] INFO:colcon.colcon_core.shell:Creating prefix script '/home/basanta-joshi/fast_lio2_ws/src/ws_livox/install/local_setup.zsh'
[53.157s] INFO:colcon.colcon_core.shell:Creating prefix chain script '/home/basanta-joshi/fast_lio2_ws/src/ws_livox/install/setup.zsh'
