-- The C compiler identification is GNU 13.3.0
-- The CXX compiler identification is GNU 13.3.0
-- Detecting C compiler ABI info
-- Detecting C compiler ABI info - done
-- Check for working C compiler: /usr/bin/cc - skipped
-- Detecting C compile features
-- Detecting C compile features - done
-- Detecting CXX compiler ABI info
-- Detecting CXX compiler ABI info - done
-- Check for working CXX compiler: /usr/bin/c++ - skipped
-- Detecting CXX compile features
-- Detecting CXX compile features - done
[0mCurrent CPU archtecture: x86_64[0m
[0mProcesser number:  16[0m
[0mcore for MP: 3[0m
[33mCMake Warning (dev) at CMakeLists.txt:47 (find_package):
  Policy CMP0148 is not set: The FindPythonInterp and FindPythonLibs modules
  are removed.  Run "cmake --help-policy CMP0148" for policy details.  Use
  the cmake_policy command to set the policy and suppress this warning.

This warning is for project developers.  Use -Wno-dev to suppress it.
[0m
-- Found PythonLibs: /usr/lib/x86_64-linux-gnu/libpython3.12.so (found version "3.12.3") 
-- Found ament_cmake: 2.5.4 (/opt/ros/jazzy/share/ament_cmake/cmake)
-- Found Python3: /usr/bin/python3 (found version "3.12.3") found components: Interpreter 
-- Override CMake install command with custom implementation using symlinks instead of copying resources
-- Found rclcpp: 28.1.9 (/opt/ros/jazzy/share/rclcpp/cmake)
-- Found rosidl_generator_c: 4.6.5 (/opt/ros/jazzy/share/rosidl_generator_c/cmake)
-- Found rosidl_generator_cpp: 4.6.5 (/opt/ros/jazzy/share/rosidl_generator_cpp/cmake)
-- Using all available rosidl_typesupport_c: rosidl_typesupport_fastrtps_c;rosidl_typesupport_introspection_c
-- Using all available rosidl_typesupport_cpp: rosidl_typesupport_fastrtps_cpp;rosidl_typesupport_introspection_cpp
-- Found rmw_implementation_cmake: 7.3.2 (/opt/ros/jazzy/share/rmw_implementation_cmake/cmake)
-- Found rmw_fastrtps_cpp: 8.4.2 (/opt/ros/jazzy/share/rmw_fastrtps_cpp/cmake)
-- Found OpenSSL: /usr/lib/x86_64-linux-gnu/libcrypto.so (found version "3.0.13")  
-- Found FastRTPS: /opt/ros/jazzy/include (Required is at least version "2.13") 
-- Using RMW implementation 'rmw_fastrtps_cpp' as default
-- Found rclcpp_components: 28.1.9 (/opt/ros/jazzy/share/rclcpp_components/cmake)
-- Found geometry_msgs: 5.3.6 (/opt/ros/jazzy/share/geometry_msgs/cmake)
-- Found nav_msgs: 5.3.6 (/opt/ros/jazzy/share/nav_msgs/cmake)
-- Found sensor_msgs: 5.3.6 (/opt/ros/jazzy/share/sensor_msgs/cmake)
-- Found std_srvs: 5.3.6 (/opt/ros/jazzy/share/std_srvs/cmake)
-- Found visualization_msgs: 5.3.6 (/opt/ros/jazzy/share/visualization_msgs/cmake)
-- Found pcl_ros: 2.6.2 (/opt/ros/jazzy/share/pcl_ros/cmake)
[33mCMake Warning (dev) at /usr/lib/x86_64-linux-gnu/cmake/pcl/Modules/FindFLANN.cmake:45 (find_package):
  Policy CMP0144 is not set: find_package uses upper-case <PACKAGENAME>_ROOT
  variables.  Run "cmake --help-policy CMP0144" for policy details.  Use the
  cmake_policy command to set the policy and suppress this warning.

  CMake variable FLANN_ROOT is set to:

    /usr

  For compatibility, find_package is ignoring the variable, but code in a
  .cmake module might still use it.
Call Stack (most recent call first):
  /usr/lib/x86_64-linux-gnu/cmake/pcl/PCLConfig.cmake:261 (find_package)
  /usr/lib/x86_64-linux-gnu/cmake/pcl/PCLConfig.cmake:306 (find_flann)
  /usr/lib/x86_64-linux-gnu/cmake/pcl/PCLConfig.cmake:570 (find_external_library)
  /opt/ros/jazzy/share/pcl_conversions/cmake/ament_cmake_export_dependencies-extras.cmake:21 (find_package)
  /opt/ros/jazzy/share/pcl_conversions/cmake/pcl_conversionsConfig.cmake:41 (include)
  /opt/ros/jazzy/share/pcl_ros/cmake/ament_cmake_export_dependencies-extras.cmake:21 (find_package)
  /opt/ros/jazzy/share/pcl_ros/cmake/pcl_rosConfig.cmake:41 (include)
  CMakeLists.txt:60 (find_package)
This warning is for project developers.  Use -Wno-dev to suppress it.
[0m
-- Found flann version 1.9.2
-- Found OpenMP_CXX: -fopenmp (found version "4.5") 
-- Found OpenMP: TRUE (found version "4.5") found components: CXX 
-- Checking for module 'libusb-1.0'
--   Found libusb-1.0, version 1.0.27
-- Found libusb: /usr/lib/x86_64-linux-gnu/libusb-1.0.so  
-- OpenNI found (version: 1.5.4.0, include: /usr/include/ni, lib: /usr/lib/libOpenNI.so;libusb::libusb)
-- OpenNI2 found (version: 2.2.0.33, include: /usr/include/openni2, lib: /usr/lib/x86_64-linux-gnu/libOpenNI2.so;libusb::libusb)
-- Found Pcap: /usr/lib/x86_64-linux-gnu/libpcap.so  
-- Found ZLIB: /usr/lib/x86_64-linux-gnu/libz.so (found version "1.3")  
-- Found PNG: /usr/lib/x86_64-linux-gnu/libpng.so (found version "1.6.43") 
-- OpenNI found (version: 1.5.4.0, include: /usr/include/ni, lib: /usr/lib/libOpenNI.so;libusb::libusb)
-- OpenNI2 found (version: 2.2.0.33, include: /usr/include/openni2, lib: /usr/lib/x86_64-linux-gnu/libOpenNI2.so;libusb::libusb)
-- Found Qhull version 8.0.2
-- OpenNI found (version: 1.5.4.0, include: /usr/include/ni, lib: /usr/lib/libOpenNI.so;libusb::libusb)
-- Found PCL_COMMON: /usr/lib/x86_64-linux-gnu/libpcl_common.so  
-- Found PCL_KDTREE: /usr/lib/x86_64-linux-gnu/libpcl_kdtree.so  
-- Found PCL_OCTREE: /usr/lib/x86_64-linux-gnu/libpcl_octree.so  
-- Found PCL_SEARCH: /usr/lib/x86_64-linux-gnu/libpcl_search.so  
-- Found PCL_SAMPLE_CONSENSUS: /usr/lib/x86_64-linux-gnu/libpcl_sample_consensus.so  
-- Found PCL_FILTERS: /usr/lib/x86_64-linux-gnu/libpcl_filters.so  
-- Found PCL_2D: /usr/include/pcl-1.14  
-- Found PCL_GEOMETRY: /usr/include/pcl-1.14  
-- Found PCL_IO: /usr/lib/x86_64-linux-gnu/libpcl_io.so  
-- Found PCL_FEATURES: /usr/lib/x86_64-linux-gnu/libpcl_features.so  
-- Found PCL_ML: /usr/lib/x86_64-linux-gnu/libpcl_ml.so  
-- Found PCL_SEGMENTATION: /usr/lib/x86_64-linux-gnu/libpcl_segmentation.so  
-- Found PCL_VISUALIZATION: /usr/lib/x86_64-linux-gnu/libpcl_visualization.so  
-- Found PCL_SURFACE: /usr/lib/x86_64-linux-gnu/libpcl_surface.so  
-- Found PCL_REGISTRATION: /usr/lib/x86_64-linux-gnu/libpcl_registration.so  
-- Found PCL_KEYPOINTS: /usr/lib/x86_64-linux-gnu/libpcl_keypoints.so  
-- Found PCL_TRACKING: /usr/lib/x86_64-linux-gnu/libpcl_tracking.so  
-- Found PCL_RECOGNITION: /usr/lib/x86_64-linux-gnu/libpcl_recognition.so  
-- Found PCL_STEREO: /usr/lib/x86_64-linux-gnu/libpcl_stereo.so  
-- Found PCL_APPS: /usr/lib/x86_64-linux-gnu/libpcl_apps.so  
-- Found PCL_IN_HAND_SCANNER: /usr/include/pcl-1.14  
-- Found PCL_MODELER: /usr/include/pcl-1.14  
-- Found PCL_POINT_CLOUD_EDITOR: /usr/include/pcl-1.14  
-- Found PCL_OUTOFCORE: /usr/lib/x86_64-linux-gnu/libpcl_outofcore.so  
-- Found PCL_PEOPLE: /usr/lib/x86_64-linux-gnu/libpcl_people.so  
-- Found eigen3_cmake_module: 0.3.0 (/opt/ros/jazzy/share/eigen3_cmake_module/cmake)
-- Found Eigen3: TRUE (found version "3.4.90") 
-- Ensuring Eigen3 include directory is part of orocos-kdl CMake target
-- Found livox_ros_driver2: 1.0.0 (/home/basanta-joshi/fast_lio2_ws/install/livox_ros_driver2/share/livox_ros_driver2/cmake)
-- Found rosidl_default_generators: 1.6.0 (/opt/ros/jazzy/share/rosidl_default_generators/cmake)
-- Found rosidl_adapter: 4.6.5 (/opt/ros/jazzy/share/rosidl_adapter/cmake)
-- Found Eigen3: TRUE  
[33mCMake Warning (dev) at CMakeLists.txt:81 (find_package):
  Policy CMP0074 is not set: find_package uses <PackageName>_ROOT variables.
  Run "cmake --help-policy CMP0074" for policy details.  Use the cmake_policy
  command to set the policy and suppress this warning.

  CMake variable PCL_ROOT is set to:

    /usr

  For compatibility, CMake is ignoring the variable.
This warning is for project developers.  Use -Wno-dev to suppress it.
[0m
-- PCL: /usr/include/pcl-1.14
[0mEigen:[0m
-- Found ament_cmake_ros: 0.12.0 (/opt/ros/jazzy/share/ament_cmake_ros/cmake)
-- Using all available rosidl_typesupport_c: rosidl_typesupport_fastrtps_c;rosidl_typesupport_introspection_c
-- Using all available rosidl_typesupport_cpp: rosidl_typesupport_fastrtps_cpp;rosidl_typesupport_introspection_cpp
-- Found python_cmake_module: 0.11.1 (/opt/ros/jazzy/share/python_cmake_module/cmake)
-- Found PythonExtra: /usr/bin/python3  
-- Found Python3: /usr/bin/python3 (found version "3.12.3") found components: Interpreter Development NumPy Development.Module Development.Embed 
-- Configuring done (22.2s)
-- Generating done (0.1s)
-- Build files have been written to: /home/basanta-joshi/fast_lio2_ws/build/fast_lio
[  2%] [34m[1mGenerating type hashes for ROS interfaces[0m
[  2%] Built target ament_cmake_python_symlink_fast_lio
running egg_info
creating fast_lio.egg-info
[  2%] Built target fast_lio__rosidl_generator_type_description
writing fast_lio.egg-info/PKG-INFO
writing dependency_links to fast_lio.egg-info/dependency_links.txt
writing top-level names to fast_lio.egg-info/top_level.txt
writing manifest file 'fast_lio.egg-info/SOURCES.txt'
[  5%] [34m[1mGenerating C code for ROS interfaces[0m
[  7%] [34m[1mGenerating C++ code for ROS interfaces[0m
reading manifest file 'fast_lio.egg-info/SOURCES.txt'
writing manifest file 'fast_lio.egg-info/SOURCES.txt'
[  7%] Built target ament_cmake_python_build_fast_lio_egg
[  7%] Built target fast_lio__cpp
[ 10%] [32mBuilding C object CMakeFiles/fast_lio__rosidl_generator_c.dir/rosidl_generator_c/fast_lio/msg/detail/pose6_d__description.c.o[0m
[ 13%] [32mBuilding C object CMakeFiles/fast_lio__rosidl_generator_c.dir/rosidl_generator_c/fast_lio/msg/detail/pose6_d__functions.c.o[0m
[ 15%] [32mBuilding C object CMakeFiles/fast_lio__rosidl_generator_c.dir/rosidl_generator_c/fast_lio/msg/detail/pose6_d__type_support.c.o[0m
[ 18%] [32m[1mLinking C shared library libfast_lio__rosidl_generator_c.so[0m
[ 18%] Built target fast_lio__rosidl_generator_c
[ 21%] [34m[1mGenerating C++ type support dispatch for ROS interfaces[0m
[ 23%] [34m[1mGenerating C type support dispatch for ROS interfaces[0m
[ 28%] [34m[1mGenerating C introspection for ROS interfaces[0m
[ 28%] [34m[1mGenerating C++ type support for eProsima Fast-RTPS[0m
[ 31%] [34m[1mGenerating C++ introspection for ROS interfaces[0m
[ 34%] [34m[1mGenerating C type support for eProsima Fast-RTPS[0m
[ 36%] [32mBuilding CXX object CMakeFiles/fast_lio__rosidl_typesupport_c.dir/rosidl_typesupport_c/fast_lio/msg/pose6_d__type_support.cpp.o[0m
[ 39%] [32mBuilding CXX object CMakeFiles/fast_lio__rosidl_typesupport_cpp.dir/rosidl_typesupport_cpp/fast_lio/msg/pose6_d__type_support.cpp.o[0m
[ 42%] [32mBuilding CXX object CMakeFiles/fast_lio__rosidl_typesupport_introspection_cpp.dir/rosidl_typesupport_introspection_cpp/fast_lio/msg/detail/pose6_d__type_support.cpp.o[0m
[ 44%] [32mBuilding CXX object CMakeFiles/fast_lio__rosidl_typesupport_fastrtps_cpp.dir/rosidl_typesupport_fastrtps_cpp/fast_lio/msg/detail/dds_fastrtps/pose6_d__type_support.cpp.o[0m
[ 47%] [32m[1mLinking CXX shared library libfast_lio__rosidl_typesupport_c.so[0m
[ 50%] [32mBuilding CXX object CMakeFiles/fast_lio__rosidl_typesupport_fastrtps_c.dir/rosidl_typesupport_fastrtps_c/fast_lio/msg/detail/pose6_d__type_support_c.cpp.o[0m
[ 52%] [32mBuilding C object CMakeFiles/fast_lio__rosidl_typesupport_introspection_c.dir/rosidl_typesupport_introspection_c/fast_lio/msg/detail/pose6_d__type_support.c.o[0m
[ 52%] Built target fast_lio__rosidl_typesupport_c
[ 55%] [32m[1mLinking C shared library libfast_lio__rosidl_typesupport_introspection_c.so[0m
[ 55%] Built target fast_lio__rosidl_typesupport_introspection_c
[ 57%] [32m[1mLinking CXX shared library libfast_lio__rosidl_typesupport_cpp.so[0m
[ 57%] Built target fast_lio__rosidl_typesupport_cpp
[ 60%] [32m[1mLinking CXX shared library libfast_lio__rosidl_typesupport_introspection_cpp.so[0m
[ 63%] [32mBuilding CXX object CMakeFiles/fastlio_mapping.dir/src/laserMapping.cpp.o[0m
[ 65%] [32mBuilding CXX object CMakeFiles/fastlio_mapping.dir/include/ikd-Tree/ikd_Tree.cpp.o[0m
[ 68%] [32mBuilding CXX object CMakeFiles/fastlio_mapping.dir/src/preprocess.cpp.o[0m
[ 68%] Built target fast_lio__rosidl_typesupport_introspection_cpp
[ 71%] [32m[1mLinking CXX shared library libfast_lio__rosidl_typesupport_fastrtps_c.so[0m
[ 73%] [32m[1mLinking CXX shared library libfast_lio__rosidl_typesupport_fastrtps_cpp.so[0m
[ 73%] Built target fast_lio__rosidl_typesupport_fastrtps_c
[ 73%] Built target fast_lio__rosidl_typesupport_fastrtps_cpp
[ 73%] Built target fast_lio
[ 76%] [34m[1mGenerating Python code for ROS interfaces[0m
[ 76%] Built target fast_lio__py
[ 78%] [32mBuilding C object CMakeFiles/fast_lio__rosidl_generator_py.dir/rosidl_generator_py/fast_lio/msg/_pose6_d_s.c.o[0m
[ 81%] [32m[1mLinking C shared library libfast_lio__rosidl_generator_py.so[0m
[ 81%] Built target fast_lio__rosidl_generator_py
[ 84%] [32mBuilding C object CMakeFiles/fast_lio_s__rosidl_typesupport_introspection_c.dir/rosidl_generator_py/fast_lio/_fast_lio_s.ep.rosidl_typesupport_introspection_c.c.o[0m
[ 86%] [32mBuilding C object CMakeFiles/fast_lio_s__rosidl_typesupport_fastrtps_c.dir/rosidl_generator_py/fast_lio/_fast_lio_s.ep.rosidl_typesupport_fastrtps_c.c.o[0m
[ 89%] [32mBuilding C object CMakeFiles/fast_lio_s__rosidl_typesupport_c.dir/rosidl_generator_py/fast_lio/_fast_lio_s.ep.rosidl_typesupport_c.c.o[0m
[ 92%] [32m[1mLinking C shared module rosidl_generator_py/fast_lio/fast_lio_s__rosidl_typesupport_introspection_c.so[0m
[ 94%] [32m[1mLinking C shared module rosidl_generator_py/fast_lio/fast_lio_s__rosidl_typesupport_fastrtps_c.so[0m
[ 97%] [32m[1mLinking C shared module rosidl_generator_py/fast_lio/fast_lio_s__rosidl_typesupport_c.so[0m
[ 97%] Built target fast_lio_s__rosidl_typesupport_introspection_c
[ 97%] Built target fast_lio_s__rosidl_typesupport_fastrtps_c
[ 97%] Built target fast_lio_s__rosidl_typesupport_c
In file included from [01m[K/usr/include/boost/bind/detail/requires_cxx11.hpp:9[m[K,
                 from [01m[K/usr/include/boost/bind/bind.hpp:24[m[K,
                 from [01m[K/usr/include/boost/bind.hpp:29[m[K,
                 from [01m[K/home/basanta-joshi/fast_lio2_ws/src/FAST_LIO_ROS2/include/IKFoM_toolkit/esekfom/esekfom.hpp:42[m[K,
                 from [01m[K/home/basanta-joshi/fast_lio2_ws/src/FAST_LIO_ROS2/include/use-ikfom.hpp:4[m[K,
                 from [01m[K/home/basanta-joshi/fast_lio2_ws/src/FAST_LIO_ROS2/src/IMU_Processing.hpp:22[m[K,
                 from [01m[K/home/basanta-joshi/fast_lio2_ws/src/FAST_LIO_ROS2/src/laserMapping.cpp:47[m[K:
[01m[K/usr/include/boost/bind.hpp:36:1:[m[K [01;36m[Knote: [m[K‘[01m[K#pragma message: The practice of declaring the Bind placeholders (_1, _2, ...) in the global namespace is deprecated. Please use <boost/bind/bind.hpp> + using namespace boost::placeholders, or define BOOST_BIND_GLOBAL_PLACEHOLDERS to retain the current behavior.[m[K’
   36 | [01;36m[KBOOST_PRAGMA_MESSAGE[m[K(
      | [01;36m[K^~~~~~~~~~~~~~~~~~~~[m[K
[100%] [32m[1mLinking CXX executable fastlio_mapping[0m
[100%] Built target fastlio_mapping
-- Install configuration: "Release"
-- Execute custom install script
-- Symlinking: /home/basanta-joshi/fast_lio2_ws/install/fast_lio/share/ament_index/resource_index/rosidl_interfaces/fast_lio
-- Symlinking: /home/basanta-joshi/fast_lio2_ws/install/fast_lio/share/fast_lio/msg/Pose6D.json
-- Symlinking: /home/basanta-joshi/fast_lio2_ws/install/fast_lio/include/fast_lio/fast_lio/msg/detail/pose6_d__functions.h
-- Symlinking: /home/basanta-joshi/fast_lio2_ws/install/fast_lio/include/fast_lio/fast_lio/msg/detail/pose6_d__struct.h
-- Symlinking: /home/basanta-joshi/fast_lio2_ws/install/fast_lio/include/fast_lio/fast_lio/msg/detail/pose6_d__type_support.h
-- Symlinking: /home/basanta-joshi/fast_lio2_ws/install/fast_lio/include/fast_lio/fast_lio/msg/pose6_d.h
-- Symlinking: /home/basanta-joshi/fast_lio2_ws/install/fast_lio/include/fast_lio/fast_lio/msg/rosidl_generator_c__visibility_control.h
-- Symlinking: /home/basanta-joshi/fast_lio2_ws/install/fast_lio/share/fast_lio/environment/library_path.sh
-- Symlinking: /home/basanta-joshi/fast_lio2_ws/install/fast_lio/share/fast_lio/environment/library_path.dsv
-- Symlinking: /home/basanta-joshi/fast_lio2_ws/install/fast_lio/include/fast_lio/fast_lio/msg/detail/pose6_d__rosidl_typesupport_fastrtps_c.h
-- Symlinking: /home/basanta-joshi/fast_lio2_ws/install/fast_lio/include/fast_lio/fast_lio/msg/rosidl_typesupport_fastrtps_c__visibility_control.h
-- Symlinking: /home/basanta-joshi/fast_lio2_ws/install/fast_lio/include/fast_lio/fast_lio/msg/detail/pose6_d__builder.hpp
-- Symlinking: /home/basanta-joshi/fast_lio2_ws/install/fast_lio/include/fast_lio/fast_lio/msg/detail/pose6_d__struct.hpp
-- Symlinking: /home/basanta-joshi/fast_lio2_ws/install/fast_lio/include/fast_lio/fast_lio/msg/detail/pose6_d__traits.hpp
-- Symlinking: /home/basanta-joshi/fast_lio2_ws/install/fast_lio/include/fast_lio/fast_lio/msg/detail/pose6_d__type_support.hpp
-- Symlinking: /home/basanta-joshi/fast_lio2_ws/install/fast_lio/include/fast_lio/fast_lio/msg/pose6_d.hpp
-- Symlinking: /home/basanta-joshi/fast_lio2_ws/install/fast_lio/include/fast_lio/fast_lio/msg/rosidl_generator_cpp__visibility_control.hpp
-- Symlinking: /home/basanta-joshi/fast_lio2_ws/install/fast_lio/include/fast_lio/fast_lio/msg/detail/pose6_d__rosidl_typesupport_fastrtps_cpp.hpp
-- Symlinking: /home/basanta-joshi/fast_lio2_ws/install/fast_lio/include/fast_lio/fast_lio/msg/rosidl_typesupport_fastrtps_cpp__visibility_control.h
-- Symlinking: /home/basanta-joshi/fast_lio2_ws/install/fast_lio/include/fast_lio/fast_lio/msg/detail/pose6_d__rosidl_typesupport_introspection_c.h
-- Symlinking: /home/basanta-joshi/fast_lio2_ws/install/fast_lio/include/fast_lio/fast_lio/msg/rosidl_typesupport_introspection_c__visibility_control.h
-- Symlinking: /home/basanta-joshi/fast_lio2_ws/install/fast_lio/include/fast_lio/fast_lio/msg/detail/pose6_d__rosidl_typesupport_introspection_cpp.hpp
-- Symlinking: /home/basanta-joshi/fast_lio2_ws/install/fast_lio/share/fast_lio/environment/pythonpath.sh
-- Symlinking: /home/basanta-joshi/fast_lio2_ws/install/fast_lio/share/fast_lio/environment/pythonpath.dsv
-- Symlinking: /home/basanta-joshi/fast_lio2_ws/install/fast_lio/lib/python3.12/site-packages/fast_lio-0.0.0-py3.12.egg-info/PKG-INFO
-- Symlinking: /home/basanta-joshi/fast_lio2_ws/install/fast_lio/lib/python3.12/site-packages/fast_lio-0.0.0-py3.12.egg-info/SOURCES.txt
-- Symlinking: /home/basanta-joshi/fast_lio2_ws/install/fast_lio/lib/python3.12/site-packages/fast_lio-0.0.0-py3.12.egg-info/dependency_links.txt
-- Symlinking: /home/basanta-joshi/fast_lio2_ws/install/fast_lio/lib/python3.12/site-packages/fast_lio-0.0.0-py3.12.egg-info/top_level.txt
-- Symlinking: /home/basanta-joshi/fast_lio2_ws/install/fast_lio/lib/python3.12/site-packages/fast_lio/__init__.py
-- Symlinking: /home/basanta-joshi/fast_lio2_ws/install/fast_lio/lib/python3.12/site-packages/fast_lio/_fast_lio_s.ep.rosidl_typesupport_c.c
-- Symlinking: /home/basanta-joshi/fast_lio2_ws/install/fast_lio/lib/python3.12/site-packages/fast_lio/_fast_lio_s.ep.rosidl_typesupport_fastrtps_c.c
-- Symlinking: /home/basanta-joshi/fast_lio2_ws/install/fast_lio/lib/python3.12/site-packages/fast_lio/_fast_lio_s.ep.rosidl_typesupport_introspection_c.c
-- Symlinking: /home/basanta-joshi/fast_lio2_ws/install/fast_lio/lib/python3.12/site-packages/fast_lio/fast_lio_s__rosidl_typesupport_c.so
-- Symlinking: /home/basanta-joshi/fast_lio2_ws/install/fast_lio/lib/python3.12/site-packages/fast_lio/fast_lio_s__rosidl_typesupport_fastrtps_c.so
-- Symlinking: /home/basanta-joshi/fast_lio2_ws/install/fast_lio/lib/python3.12/site-packages/fast_lio/fast_lio_s__rosidl_typesupport_introspection_c.so
-- Symlinking: /home/basanta-joshi/fast_lio2_ws/install/fast_lio/lib/python3.12/site-packages/fast_lio/msg/__init__.py
-- Symlinking: /home/basanta-joshi/fast_lio2_ws/install/fast_lio/lib/python3.12/site-packages/fast_lio/msg/_pose6_d.py
-- Symlinking: /home/basanta-joshi/fast_lio2_ws/install/fast_lio/lib/python3.12/site-packages/fast_lio/msg/_pose6_d_s.c
-- Up-to-date symlink: /home/basanta-joshi/fast_lio2_ws/install/fast_lio/lib/python3.12/site-packages/fast_lio/fast_lio_s__rosidl_typesupport_fastrtps_c.so
-- Up-to-date symlink: /home/basanta-joshi/fast_lio2_ws/install/fast_lio/lib/python3.12/site-packages/fast_lio/fast_lio_s__rosidl_typesupport_introspection_c.so
-- Up-to-date symlink: /home/basanta-joshi/fast_lio2_ws/install/fast_lio/lib/python3.12/site-packages/fast_lio/fast_lio_s__rosidl_typesupport_c.so
-- Symlinking: /home/basanta-joshi/fast_lio2_ws/install/fast_lio/share/fast_lio/msg/Pose6D.idl
-- Symlinking: /home/basanta-joshi/fast_lio2_ws/install/fast_lio/share/fast_lio/msg/Pose6D.msg
-- Symlinking: /home/basanta-joshi/fast_lio2_ws/install/fast_lio/lib/fast_lio/fastlio_mapping
-- Symlinking: /home/basanta-joshi/fast_lio2_ws/install/fast_lio/share/fast_lio/config/avia.yaml
-- Symlinking: /home/basanta-joshi/fast_lio2_ws/install/fast_lio/share/fast_lio/config/horizon.yaml
-- Symlinking: /home/basanta-joshi/fast_lio2_ws/install/fast_lio/share/fast_lio/config/mid360.yaml
-- Symlinking: /home/basanta-joshi/fast_lio2_ws/install/fast_lio/share/fast_lio/config/ouster64.yaml
-- Symlinking: /home/basanta-joshi/fast_lio2_ws/install/fast_lio/share/fast_lio/config/velodyne.yaml
-- Symlinking: /home/basanta-joshi/fast_lio2_ws/install/fast_lio/share/fast_lio/launch/gdb_debug_example.launch
-- Symlinking: /home/basanta-joshi/fast_lio2_ws/install/fast_lio/share/fast_lio/launch/mapping.launch.py
-- Symlinking: /home/basanta-joshi/fast_lio2_ws/install/fast_lio/share/fast_lio/rviz/fastlio.rviz
-- Symlinking: /home/basanta-joshi/fast_lio2_ws/install/fast_lio/share/ament_index/resource_index/package_run_dependencies/fast_lio
-- Symlinking: /home/basanta-joshi/fast_lio2_ws/install/fast_lio/share/ament_index/resource_index/parent_prefix_path/fast_lio
-- Symlinking: /home/basanta-joshi/fast_lio2_ws/install/fast_lio/share/fast_lio/environment/ament_prefix_path.sh
-- Symlinking: /home/basanta-joshi/fast_lio2_ws/install/fast_lio/share/fast_lio/environment/ament_prefix_path.dsv
-- Symlinking: /home/basanta-joshi/fast_lio2_ws/install/fast_lio/share/fast_lio/environment/path.sh
-- Symlinking: /home/basanta-joshi/fast_lio2_ws/install/fast_lio/share/fast_lio/environment/path.dsv
-- Symlinking: /home/basanta-joshi/fast_lio2_ws/install/fast_lio/share/fast_lio/local_setup.bash
-- Symlinking: /home/basanta-joshi/fast_lio2_ws/install/fast_lio/share/fast_lio/local_setup.sh
-- Symlinking: /home/basanta-joshi/fast_lio2_ws/install/fast_lio/share/fast_lio/local_setup.zsh
-- Symlinking: /home/basanta-joshi/fast_lio2_ws/install/fast_lio/share/fast_lio/local_setup.dsv
-- Symlinking: /home/basanta-joshi/fast_lio2_ws/install/fast_lio/share/fast_lio/package.dsv
-- Symlinking: /home/basanta-joshi/fast_lio2_ws/install/fast_lio/share/ament_index/resource_index/packages/fast_lio
-- Symlinking: /home/basanta-joshi/fast_lio2_ws/install/fast_lio/share/fast_lio/cmake/rosidl_cmake-extras.cmake
-- Symlinking: /home/basanta-joshi/fast_lio2_ws/install/fast_lio/share/fast_lio/cmake/ament_cmake_export_include_directories-extras.cmake
-- Symlinking: /home/basanta-joshi/fast_lio2_ws/install/fast_lio/share/fast_lio/cmake/ament_cmake_export_libraries-extras.cmake
-- Symlinking: /home/basanta-joshi/fast_lio2_ws/install/fast_lio/share/fast_lio/cmake/ament_cmake_export_targets-extras.cmake
-- Symlinking: /home/basanta-joshi/fast_lio2_ws/install/fast_lio/share/fast_lio/cmake/rosidl_cmake_export_typesupport_targets-extras.cmake
-- Symlinking: /home/basanta-joshi/fast_lio2_ws/install/fast_lio/share/fast_lio/cmake/ament_cmake_export_dependencies-extras.cmake
-- Symlinking: /home/basanta-joshi/fast_lio2_ws/install/fast_lio/share/fast_lio/cmake/rosidl_cmake_export_typesupport_libraries-extras.cmake
-- Symlinking: /home/basanta-joshi/fast_lio2_ws/install/fast_lio/share/fast_lio/cmake/fast_lioConfig.cmake
-- Symlinking: /home/basanta-joshi/fast_lio2_ws/install/fast_lio/share/fast_lio/cmake/fast_lioConfig-version.cmake
-- Symlinking: /home/basanta-joshi/fast_lio2_ws/install/fast_lio/share/fast_lio/package.xml
-- Installing: /home/basanta-joshi/fast_lio2_ws/install/fast_lio/lib/libfast_lio__rosidl_generator_c.so
-- Set non-toolchain portion of runtime path of "/home/basanta-joshi/fast_lio2_ws/install/fast_lio/lib/libfast_lio__rosidl_generator_c.so" to ""
-- Installing: /home/basanta-joshi/fast_lio2_ws/install/fast_lio/lib/libfast_lio__rosidl_typesupport_fastrtps_c.so
-- Set non-toolchain portion of runtime path of "/home/basanta-joshi/fast_lio2_ws/install/fast_lio/lib/libfast_lio__rosidl_typesupport_fastrtps_c.so" to ""
-- Installing: /home/basanta-joshi/fast_lio2_ws/install/fast_lio/lib/libfast_lio__rosidl_typesupport_fastrtps_cpp.so
-- Set non-toolchain portion of runtime path of "/home/basanta-joshi/fast_lio2_ws/install/fast_lio/lib/libfast_lio__rosidl_typesupport_fastrtps_cpp.so" to ""
-- Installing: /home/basanta-joshi/fast_lio2_ws/install/fast_lio/lib/libfast_lio__rosidl_typesupport_introspection_c.so
-- Set non-toolchain portion of runtime path of "/home/basanta-joshi/fast_lio2_ws/install/fast_lio/lib/libfast_lio__rosidl_typesupport_introspection_c.so" to ""
-- Installing: /home/basanta-joshi/fast_lio2_ws/install/fast_lio/lib/libfast_lio__rosidl_typesupport_c.so
-- Set non-toolchain portion of runtime path of "/home/basanta-joshi/fast_lio2_ws/install/fast_lio/lib/libfast_lio__rosidl_typesupport_c.so" to ""
-- Installing: /home/basanta-joshi/fast_lio2_ws/install/fast_lio/lib/libfast_lio__rosidl_typesupport_introspection_cpp.so
-- Set non-toolchain portion of runtime path of "/home/basanta-joshi/fast_lio2_ws/install/fast_lio/lib/libfast_lio__rosidl_typesupport_introspection_cpp.so" to ""
-- Installing: /home/basanta-joshi/fast_lio2_ws/install/fast_lio/lib/libfast_lio__rosidl_typesupport_cpp.so
-- Set non-toolchain portion of runtime path of "/home/basanta-joshi/fast_lio2_ws/install/fast_lio/lib/libfast_lio__rosidl_typesupport_cpp.so" to ""
Listing '/home/basanta-joshi/fast_lio2_ws/install/fast_lio/lib/python3.12/site-packages/fast_lio'...
Compiling '/home/basanta-joshi/fast_lio2_ws/install/fast_lio/lib/python3.12/site-packages/fast_lio/__init__.py'...
Listing '/home/basanta-joshi/fast_lio2_ws/install/fast_lio/lib/python3.12/site-packages/fast_lio/msg'...
Compiling '/home/basanta-joshi/fast_lio2_ws/install/fast_lio/lib/python3.12/site-packages/fast_lio/msg/__init__.py'...
Compiling '/home/basanta-joshi/fast_lio2_ws/install/fast_lio/lib/python3.12/site-packages/fast_lio/msg/_pose6_d.py'...
-- Installing: /home/basanta-joshi/fast_lio2_ws/install/fast_lio/lib/libfast_lio__rosidl_generator_py.so
-- Set non-toolchain portion of runtime path of "/home/basanta-joshi/fast_lio2_ws/install/fast_lio/lib/libfast_lio__rosidl_generator_py.so" to ""
-- Installing: /home/basanta-joshi/fast_lio2_ws/install/fast_lio/share/fast_lio/cmake/export_fast_lio__rosidl_generator_cExport.cmake
-- Installing: /home/basanta-joshi/fast_lio2_ws/install/fast_lio/share/fast_lio/cmake/export_fast_lio__rosidl_generator_cExport-release.cmake
-- Installing: /home/basanta-joshi/fast_lio2_ws/install/fast_lio/share/fast_lio/cmake/export_fast_lio__rosidl_typesupport_fastrtps_cExport.cmake
-- Installing: /home/basanta-joshi/fast_lio2_ws/install/fast_lio/share/fast_lio/cmake/export_fast_lio__rosidl_typesupport_fastrtps_cExport-release.cmake
-- Installing: /home/basanta-joshi/fast_lio2_ws/install/fast_lio/share/fast_lio/cmake/export_fast_lio__rosidl_generator_cppExport.cmake
-- Installing: /home/basanta-joshi/fast_lio2_ws/install/fast_lio/share/fast_lio/cmake/export_fast_lio__rosidl_typesupport_fastrtps_cppExport.cmake
-- Installing: /home/basanta-joshi/fast_lio2_ws/install/fast_lio/share/fast_lio/cmake/export_fast_lio__rosidl_typesupport_fastrtps_cppExport-release.cmake
-- Installing: /home/basanta-joshi/fast_lio2_ws/install/fast_lio/share/fast_lio/cmake/fast_lio__rosidl_typesupport_introspection_cExport.cmake
-- Installing: /home/basanta-joshi/fast_lio2_ws/install/fast_lio/share/fast_lio/cmake/fast_lio__rosidl_typesupport_introspection_cExport-release.cmake
-- Installing: /home/basanta-joshi/fast_lio2_ws/install/fast_lio/share/fast_lio/cmake/fast_lio__rosidl_typesupport_cExport.cmake
-- Installing: /home/basanta-joshi/fast_lio2_ws/install/fast_lio/share/fast_lio/cmake/fast_lio__rosidl_typesupport_cExport-release.cmake
-- Installing: /home/basanta-joshi/fast_lio2_ws/install/fast_lio/share/fast_lio/cmake/fast_lio__rosidl_typesupport_introspection_cppExport.cmake
-- Installing: /home/basanta-joshi/fast_lio2_ws/install/fast_lio/share/fast_lio/cmake/fast_lio__rosidl_typesupport_introspection_cppExport-release.cmake
-- Installing: /home/basanta-joshi/fast_lio2_ws/install/fast_lio/share/fast_lio/cmake/fast_lio__rosidl_typesupport_cppExport.cmake
-- Installing: /home/basanta-joshi/fast_lio2_ws/install/fast_lio/share/fast_lio/cmake/fast_lio__rosidl_typesupport_cppExport-release.cmake
-- Installing: /home/basanta-joshi/fast_lio2_ws/install/fast_lio/share/fast_lio/cmake/export_fast_lio__rosidl_generator_pyExport.cmake
-- Installing: /home/basanta-joshi/fast_lio2_ws/install/fast_lio/share/fast_lio/cmake/export_fast_lio__rosidl_generator_pyExport-release.cmake
